2024-10-21 12:34:14 - Starting FitnessAppApplication using Java 22.0.2 with PID 5984 (C:\Users\milic\IdeaProjects\Fitness-App\target\classes started by milic in C:\Users\milic\IdeaProjects\Fitness-App)
2024-10-21 12:34:14 - No active profile set, falling back to 1 default profile: "default"
2024-10-21 12:34:15 - Bootstrapping Spring Data JPA repositories in DEFAULT mode.
2024-10-21 12:34:15 - Finished Spring Data repository scanning in 42 ms. Found 4 JPA repository interfaces.
2024-10-21 12:34:16 - Tomcat initialized with port 8080 (http)
2024-10-21 12:34:16 - Initializing ProtocolHandler ["http-nio-8080"]
2024-10-21 12:34:16 - Starting service [Tomcat]
2024-10-21 12:34:16 - Starting Servlet engine: [Apache Tomcat/10.1.28]
2024-10-21 12:34:16 - Initializing Spring embedded WebApplicationContext
2024-10-21 12:34:16 - Root WebApplicationContext: initialization completed in 1194 ms
2024-10-21 12:34:16 - HikariPool-1 - Starting...
2024-10-21 12:34:16 - HikariPool-1 - Added connection conn0: url=jdbc:h2:mem:testdb user=SA
2024-10-21 12:34:16 - HikariPool-1 - Start completed.
2024-10-21 12:34:16 - H2 console available at '/h2-console'. Database available at 'jdbc:h2:mem:testdb'
2024-10-21 12:34:16 - HHH000204: Processing PersistenceUnitInfo [name: default]
2024-10-21 12:34:16 - HHH000412: Hibernate ORM core version 6.5.2.Final
2024-10-21 12:34:16 - HHH000026: Second-level cache disabled
2024-10-21 12:34:16 - No LoadTimeWeaver setup: ignoring JPA class transformer
2024-10-21 12:34:17 - HHH000489: No JTA platform available (set 'hibernate.transaction.jta.platform' to enable JTA platform integration)
2024-10-21 12:34:17 - Initialized JPA EntityManagerFactory for persistence unit 'default'
2024-10-21 12:34:17 - Hibernate is in classpath; If applicable, HQL parser will be used.
2024-10-21 12:34:18 - spring.jpa.open-in-view is enabled by default. Therefore, database queries may be performed during view rendering. Explicitly configure spring.jpa.open-in-view to disable this warning
2024-10-21 12:34:18 - Starting ProtocolHandler ["http-nio-8080"]
2024-10-21 12:34:18 - Tomcat started on port 8080 (http) with context path '/'
2024-10-21 12:34:18 - Started FitnessAppApplication in 3.93 seconds (process running for 9.093)
2024-10-21 12:34:45 - Initializing Spring DispatcherServlet 'dispatcherServlet'
2024-10-21 12:34:45 - Initializing Servlet 'dispatcherServlet'
2024-10-21 12:34:45 - Completed initialization in 5 ms
2024-10-21 12:34:55 - User login attempt: email=mv@gmail.com, password=admin123
2024-10-21 12:35:22 - User login attempt: email=klient1@gmail.com, password=user123
2024-10-21 12:36:12 - Closing JPA EntityManagerFactory for persistence unit 'default'
2024-10-21 12:36:12 - HikariPool-1 - Shutdown initiated...
2024-10-21 12:36:12 - HikariPool-1 - Shutdown completed.
2024-10-21 12:42:14 - Starting FitnessAppApplication using Java 22.0.2 with PID 5448 (C:\Users\milic\IdeaProjects\Fitness-App\target\classes started by milic in C:\Users\milic\IdeaProjects\Fitness-App)
2024-10-21 12:42:14 - No active profile set, falling back to 1 default profile: "default"
2024-10-21 12:42:15 - Bootstrapping Spring Data JPA repositories in DEFAULT mode.
2024-10-21 12:42:15 - Finished Spring Data repository scanning in 41 ms. Found 4 JPA repository interfaces.
2024-10-21 12:42:15 - Tomcat initialized with port 8080 (http)
2024-10-21 12:42:15 - Initializing ProtocolHandler ["http-nio-8080"]
2024-10-21 12:42:15 - Starting service [Tomcat]
2024-10-21 12:42:15 - Starting Servlet engine: [Apache Tomcat/10.1.28]
2024-10-21 12:42:15 - Initializing Spring embedded WebApplicationContext
2024-10-21 12:42:15 - Root WebApplicationContext: initialization completed in 986 ms
2024-10-21 12:42:15 - HikariPool-1 - Starting...
2024-10-21 12:42:15 - HikariPool-1 - Added connection conn0: url=jdbc:h2:mem:testdb user=SA
2024-10-21 12:42:15 - HikariPool-1 - Start completed.
2024-10-21 12:42:15 - H2 console available at '/h2-console'. Database available at 'jdbc:h2:mem:testdb'
2024-10-21 12:42:16 - HHH000204: Processing PersistenceUnitInfo [name: default]
2024-10-21 12:42:16 - HHH000412: Hibernate ORM core version 6.5.2.Final
2024-10-21 12:42:16 - HHH000026: Second-level cache disabled
2024-10-21 12:42:16 - No LoadTimeWeaver setup: ignoring JPA class transformer
2024-10-21 12:42:17 - HHH000489: No JTA platform available (set 'hibernate.transaction.jta.platform' to enable JTA platform integration)
2024-10-21 12:42:17 - Initialized JPA EntityManagerFactory for persistence unit 'default'
2024-10-21 12:42:17 - Hibernate is in classpath; If applicable, HQL parser will be used.
2024-10-21 12:42:17 - spring.jpa.open-in-view is enabled by default. Therefore, database queries may be performed during view rendering. Explicitly configure spring.jpa.open-in-view to disable this warning
2024-10-21 12:42:17 - Starting ProtocolHandler ["http-nio-8080"]
2024-10-21 12:42:17 - Tomcat started on port 8080 (http) with context path '/'
2024-10-21 12:42:17 - Started FitnessAppApplication in 3.392 seconds (process running for 3.886)
2024-10-21 12:42:20 - Initializing Spring DispatcherServlet 'dispatcherServlet'
2024-10-21 12:42:20 - Initializing Servlet 'dispatcherServlet'
2024-10-21 12:42:20 - Completed initialization in 0 ms
2024-10-21 12:42:30 - User login attempt: email=klient1@gmail.com, password=user123
2024-10-21 12:43:00 - Closing JPA EntityManagerFactory for persistence unit 'default'
2024-10-21 12:43:00 - HikariPool-1 - Shutdown initiated...
2024-10-21 12:43:00 - HikariPool-1 - Shutdown completed.
2024-10-21 12:43:50 - Starting FitnessAppApplication using Java 22.0.2 with PID 9136 (C:\Users\milic\IdeaProjects\Fitness-App\target\classes started by milic in C:\Users\milic\IdeaProjects\Fitness-App)
2024-10-21 12:43:50 - No active profile set, falling back to 1 default profile: "default"
2024-10-21 12:43:50 - Bootstrapping Spring Data JPA repositories in DEFAULT mode.
2024-10-21 12:43:51 - Finished Spring Data repository scanning in 36 ms. Found 4 JPA repository interfaces.
2024-10-21 12:43:51 - Tomcat initialized with port 8080 (http)
2024-10-21 12:43:51 - Initializing ProtocolHandler ["http-nio-8080"]
2024-10-21 12:43:51 - Starting service [Tomcat]
2024-10-21 12:43:51 - Starting Servlet engine: [Apache Tomcat/10.1.28]
2024-10-21 12:43:51 - Initializing Spring embedded WebApplicationContext
2024-10-21 12:43:51 - Root WebApplicationContext: initialization completed in 946 ms
2024-10-21 12:43:51 - HikariPool-1 - Starting...
2024-10-21 12:43:51 - HikariPool-1 - Added connection conn0: url=jdbc:h2:mem:testdb user=SA
2024-10-21 12:43:51 - HikariPool-1 - Start completed.
2024-10-21 12:43:51 - H2 console available at '/h2-console'. Database available at 'jdbc:h2:mem:testdb'
2024-10-21 12:43:51 - HHH000204: Processing PersistenceUnitInfo [name: default]
2024-10-21 12:43:51 - HHH000412: Hibernate ORM core version 6.5.2.Final
2024-10-21 12:43:51 - HHH000026: Second-level cache disabled
2024-10-21 12:43:52 - No LoadTimeWeaver setup: ignoring JPA class transformer
2024-10-21 12:43:52 - HHH000489: No JTA platform available (set 'hibernate.transaction.jta.platform' to enable JTA platform integration)
2024-10-21 12:43:52 - Initialized JPA EntityManagerFactory for persistence unit 'default'
2024-10-21 12:43:53 - Hibernate is in classpath; If applicable, HQL parser will be used.
2024-10-21 12:43:53 - spring.jpa.open-in-view is enabled by default. Therefore, database queries may be performed during view rendering. Explicitly configure spring.jpa.open-in-view to disable this warning
2024-10-21 12:43:53 - Starting ProtocolHandler ["http-nio-8080"]
2024-10-21 12:43:53 - Tomcat started on port 8080 (http) with context path '/'
2024-10-21 12:43:53 - Started FitnessAppApplication in 3.585 seconds (process running for 4.228)
2024-10-21 12:43:55 - Initializing Spring DispatcherServlet 'dispatcherServlet'
2024-10-21 12:43:55 - Initializing Servlet 'dispatcherServlet'
2024-10-21 12:43:55 - Completed initialization in 0 ms
2024-10-21 12:44:01 - User login attempt: email=klient1@gmail.com, password=user123
2024-10-21 12:45:21 - Closing JPA EntityManagerFactory for persistence unit 'default'
2024-10-21 12:45:21 - HikariPool-1 - Shutdown initiated...
2024-10-21 12:45:21 - HikariPool-1 - Shutdown completed.
2024-10-21 12:45:44 - Starting FitnessAppApplication using Java 22.0.2 with PID 2016 (C:\Users\milic\IdeaProjects\Fitness-App\target\classes started by milic in C:\Users\milic\IdeaProjects\Fitness-App)
2024-10-21 12:45:44 - No active profile set, falling back to 1 default profile: "default"
2024-10-21 12:45:45 - Bootstrapping Spring Data JPA repositories in DEFAULT mode.
2024-10-21 12:45:45 - Finished Spring Data repository scanning in 37 ms. Found 4 JPA repository interfaces.
2024-10-21 12:45:45 - Tomcat initialized with port 8080 (http)
2024-10-21 12:45:45 - Initializing ProtocolHandler ["http-nio-8080"]
2024-10-21 12:45:45 - Starting service [Tomcat]
2024-10-21 12:45:45 - Starting Servlet engine: [Apache Tomcat/10.1.28]
2024-10-21 12:45:45 - Initializing Spring embedded WebApplicationContext
2024-10-21 12:45:45 - Root WebApplicationContext: initialization completed in 902 ms
2024-10-21 12:45:45 - HikariPool-1 - Starting...
2024-10-21 12:45:45 - HikariPool-1 - Added connection conn0: url=jdbc:h2:mem:testdb user=SA
2024-10-21 12:45:45 - HikariPool-1 - Start completed.
2024-10-21 12:45:45 - H2 console available at '/h2-console'. Database available at 'jdbc:h2:mem:testdb'
2024-10-21 12:45:45 - HHH000204: Processing PersistenceUnitInfo [name: default]
2024-10-21 12:45:45 - HHH000412: Hibernate ORM core version 6.5.2.Final
2024-10-21 12:45:45 - HHH000026: Second-level cache disabled
2024-10-21 12:45:46 - No LoadTimeWeaver setup: ignoring JPA class transformer
2024-10-21 12:45:46 - HHH000489: No JTA platform available (set 'hibernate.transaction.jta.platform' to enable JTA platform integration)
2024-10-21 12:45:46 - Initialized JPA EntityManagerFactory for persistence unit 'default'
2024-10-21 12:45:47 - Hibernate is in classpath; If applicable, HQL parser will be used.
2024-10-21 12:45:47 - spring.jpa.open-in-view is enabled by default. Therefore, database queries may be performed during view rendering. Explicitly configure spring.jpa.open-in-view to disable this warning
2024-10-21 12:45:47 - Starting ProtocolHandler ["http-nio-8080"]
2024-10-21 12:45:47 - Tomcat started on port 8080 (http) with context path '/'
2024-10-21 12:45:47 - Started FitnessAppApplication in 3.388 seconds (process running for 3.974)
2024-10-21 12:45:47 - Initializing Spring DispatcherServlet 'dispatcherServlet'
2024-10-21 12:45:47 - Initializing Servlet 'dispatcherServlet'
2024-10-21 12:45:47 - Completed initialization in 1 ms
2024-10-21 12:46:53 - Closing JPA EntityManagerFactory for persistence unit 'default'
2024-10-21 12:46:53 - HikariPool-1 - Shutdown initiated...
2024-10-21 12:46:53 - HikariPool-1 - Shutdown completed.
2024-10-21 12:46:56 - Starting FitnessAppApplication using Java 22.0.2 with PID 2412 (C:\Users\milic\IdeaProjects\Fitness-App\target\classes started by milic in C:\Users\milic\IdeaProjects\Fitness-App)
2024-10-21 12:46:56 - No active profile set, falling back to 1 default profile: "default"
2024-10-21 12:46:56 - Bootstrapping Spring Data JPA repositories in DEFAULT mode.
2024-10-21 12:46:56 - Finished Spring Data repository scanning in 34 ms. Found 4 JPA repository interfaces.
2024-10-21 12:46:56 - Tomcat initialized with port 8080 (http)
2024-10-21 12:46:56 - Initializing ProtocolHandler ["http-nio-8080"]
2024-10-21 12:46:56 - Starting service [Tomcat]
2024-10-21 12:46:56 - Starting Servlet engine: [Apache Tomcat/10.1.28]
2024-10-21 12:46:57 - Initializing Spring embedded WebApplicationContext
2024-10-21 12:46:57 - Root WebApplicationContext: initialization completed in 911 ms
2024-10-21 12:46:57 - HikariPool-1 - Starting...
2024-10-21 12:46:57 - HikariPool-1 - Added connection conn0: url=jdbc:h2:mem:testdb user=SA
2024-10-21 12:46:57 - HikariPool-1 - Start completed.
2024-10-21 12:46:57 - H2 console available at '/h2-console'. Database available at 'jdbc:h2:mem:testdb'
2024-10-21 12:46:57 - HHH000204: Processing PersistenceUnitInfo [name: default]
2024-10-21 12:46:57 - HHH000412: Hibernate ORM core version 6.5.2.Final
2024-10-21 12:46:57 - HHH000026: Second-level cache disabled
2024-10-21 12:46:57 - No LoadTimeWeaver setup: ignoring JPA class transformer
2024-10-21 12:46:58 - HHH000489: No JTA platform available (set 'hibernate.transaction.jta.platform' to enable JTA platform integration)
2024-10-21 12:46:58 - Initialized JPA EntityManagerFactory for persistence unit 'default'
2024-10-21 12:46:58 - Hibernate is in classpath; If applicable, HQL parser will be used.
2024-10-21 12:46:58 - spring.jpa.open-in-view is enabled by default. Therefore, database queries may be performed during view rendering. Explicitly configure spring.jpa.open-in-view to disable this warning
2024-10-21 12:46:58 - Starting ProtocolHandler ["http-nio-8080"]
2024-10-21 12:46:58 - Tomcat started on port 8080 (http) with context path '/'
2024-10-21 12:46:58 - Started FitnessAppApplication in 3.292 seconds (process running for 3.865)
2024-10-21 12:47:01 - Initializing Spring DispatcherServlet 'dispatcherServlet'
2024-10-21 12:47:01 - Initializing Servlet 'dispatcherServlet'
2024-10-21 12:47:01 - Completed initialization in 0 ms
2024-10-21 12:47:45 - Closing JPA EntityManagerFactory for persistence unit 'default'
2024-10-21 12:47:45 - HikariPool-1 - Shutdown initiated...
2024-10-21 12:47:45 - HikariPool-1 - Shutdown completed.
2024-10-21 12:49:18 - Starting FitnessAppApplication using Java 22.0.2 with PID 13240 (C:\Users\milic\IdeaProjects\Fitness-App\target\classes started by milic in C:\Users\milic\IdeaProjects\Fitness-App)
2024-10-21 12:49:18 - No active profile set, falling back to 1 default profile: "default"
2024-10-21 12:49:19 - Bootstrapping Spring Data JPA repositories in DEFAULT mode.
2024-10-21 12:49:19 - Finished Spring Data repository scanning in 43 ms. Found 4 JPA repository interfaces.
2024-10-21 12:49:19 - Tomcat initialized with port 8080 (http)
2024-10-21 12:49:19 - Initializing ProtocolHandler ["http-nio-8080"]
2024-10-21 12:49:19 - Starting service [Tomcat]
2024-10-21 12:49:19 - Starting Servlet engine: [Apache Tomcat/10.1.28]
2024-10-21 12:49:19 - Initializing Spring embedded WebApplicationContext
2024-10-21 12:49:19 - Root WebApplicationContext: initialization completed in 876 ms
2024-10-21 12:49:19 - HikariPool-1 - Starting...
2024-10-21 12:49:19 - HikariPool-1 - Added connection conn0: url=jdbc:h2:mem:testdb user=SA
2024-10-21 12:49:19 - HikariPool-1 - Start completed.
2024-10-21 12:49:19 - H2 console available at '/h2-console'. Database available at 'jdbc:h2:mem:testdb'
2024-10-21 12:49:20 - HHH000204: Processing PersistenceUnitInfo [name: default]
2024-10-21 12:49:20 - HHH000412: Hibernate ORM core version 6.5.2.Final
2024-10-21 12:49:20 - HHH000026: Second-level cache disabled
2024-10-21 12:49:20 - No LoadTimeWeaver setup: ignoring JPA class transformer
2024-10-21 12:49:21 - HHH000489: No JTA platform available (set 'hibernate.transaction.jta.platform' to enable JTA platform integration)
2024-10-21 12:49:21 - Initialized JPA EntityManagerFactory for persistence unit 'default'
2024-10-21 12:49:21 - Hibernate is in classpath; If applicable, HQL parser will be used.
2024-10-21 12:49:21 - spring.jpa.open-in-view is enabled by default. Therefore, database queries may be performed during view rendering. Explicitly configure spring.jpa.open-in-view to disable this warning
2024-10-21 12:49:21 - Starting ProtocolHandler ["http-nio-8080"]
2024-10-21 12:49:21 - Tomcat started on port 8080 (http) with context path '/'
2024-10-21 12:49:21 - Started FitnessAppApplication in 3.342 seconds (process running for 4.003)
2024-10-21 12:49:21 - Initializing Spring DispatcherServlet 'dispatcherServlet'
2024-10-21 12:49:21 - Initializing Servlet 'dispatcherServlet'
2024-10-21 12:49:21 - Completed initialization in 1 ms
2024-10-21 12:50:11 - Closing JPA EntityManagerFactory for persistence unit 'default'
2024-10-21 12:50:11 - HikariPool-1 - Shutdown initiated...
2024-10-21 12:50:11 - HikariPool-1 - Shutdown completed.
2024-10-21 12:51:28 - Starting FitnessAppApplication using Java 22.0.2 with PID 11364 (C:\Users\milic\IdeaProjects\Fitness-App\target\classes started by milic in C:\Users\milic\IdeaProjects\Fitness-App)
2024-10-21 12:51:28 - No active profile set, falling back to 1 default profile: "default"
2024-10-21 12:51:29 - Bootstrapping Spring Data JPA repositories in DEFAULT mode.
2024-10-21 12:51:29 - Finished Spring Data repository scanning in 35 ms. Found 4 JPA repository interfaces.
2024-10-21 12:51:29 - Tomcat initialized with port 8080 (http)
2024-10-21 12:51:29 - Initializing ProtocolHandler ["http-nio-8080"]
2024-10-21 12:51:29 - Starting service [Tomcat]
2024-10-21 12:51:29 - Starting Servlet engine: [Apache Tomcat/10.1.28]
2024-10-21 12:51:29 - Initializing Spring embedded WebApplicationContext
2024-10-21 12:51:29 - Root WebApplicationContext: initialization completed in 865 ms
2024-10-21 12:51:29 - HikariPool-1 - Starting...
2024-10-21 12:51:29 - HikariPool-1 - Added connection conn0: url=jdbc:h2:mem:testdb user=SA
2024-10-21 12:51:29 - HikariPool-1 - Start completed.
2024-10-21 12:51:29 - H2 console available at '/h2-console'. Database available at 'jdbc:h2:mem:testdb'
2024-10-21 12:51:29 - HHH000204: Processing PersistenceUnitInfo [name: default]
2024-10-21 12:51:30 - HHH000412: Hibernate ORM core version 6.5.2.Final
2024-10-21 12:51:30 - HHH000026: Second-level cache disabled
2024-10-21 12:51:30 - No LoadTimeWeaver setup: ignoring JPA class transformer
2024-10-21 12:51:30 - HHH000489: No JTA platform available (set 'hibernate.transaction.jta.platform' to enable JTA platform integration)
2024-10-21 12:51:31 - Initialized JPA EntityManagerFactory for persistence unit 'default'
2024-10-21 12:51:31 - Hibernate is in classpath; If applicable, HQL parser will be used.
2024-10-21 12:51:31 - spring.jpa.open-in-view is enabled by default. Therefore, database queries may be performed during view rendering. Explicitly configure spring.jpa.open-in-view to disable this warning
2024-10-21 12:51:31 - Starting ProtocolHandler ["http-nio-8080"]
2024-10-21 12:51:31 - Tomcat started on port 8080 (http) with context path '/'
2024-10-21 12:51:31 - Started FitnessAppApplication in 3.164 seconds (process running for 3.693)
2024-10-21 12:51:52 - Initializing Spring DispatcherServlet 'dispatcherServlet'
2024-10-21 12:51:52 - Initializing Servlet 'dispatcherServlet'
2024-10-21 12:51:52 - Completed initialization in 0 ms
2024-10-21 12:52:00 - User login attempt: email=mv@gmail.com, password=admin123
2024-10-21 12:52:21 - Closing JPA EntityManagerFactory for persistence unit 'default'
2024-10-21 12:52:21 - HikariPool-1 - Shutdown initiated...
2024-10-21 12:52:21 - HikariPool-1 - Shutdown completed.
2024-10-21 12:53:21 - Starting FitnessAppApplication using Java 22.0.2 with PID 10360 (C:\Users\milic\IdeaProjects\Fitness-App\target\classes started by milic in C:\Users\milic\IdeaProjects\Fitness-App)
2024-10-21 12:53:21 - No active profile set, falling back to 1 default profile: "default"
2024-10-21 12:53:22 - Bootstrapping Spring Data JPA repositories in DEFAULT mode.
2024-10-21 12:53:22 - Finished Spring Data repository scanning in 49 ms. Found 4 JPA repository interfaces.
2024-10-21 12:53:22 - Tomcat initialized with port 8080 (http)
2024-10-21 12:53:22 - Initializing ProtocolHandler ["http-nio-8080"]
2024-10-21 12:53:23 - Starting service [Tomcat]
2024-10-21 12:53:23 - Starting Servlet engine: [Apache Tomcat/10.1.28]
2024-10-21 12:53:23 - Initializing Spring embedded WebApplicationContext
2024-10-21 12:53:23 - Root WebApplicationContext: initialization completed in 1178 ms
2024-10-21 12:53:23 - HikariPool-1 - Starting...
2024-10-21 12:53:23 - HikariPool-1 - Added connection conn0: url=jdbc:h2:mem:testdb user=SA
2024-10-21 12:53:23 - HikariPool-1 - Start completed.
2024-10-21 12:53:23 - H2 console available at '/h2-console'. Database available at 'jdbc:h2:mem:testdb'
2024-10-21 12:53:23 - HHH000204: Processing PersistenceUnitInfo [name: default]
2024-10-21 12:53:23 - HHH000412: Hibernate ORM core version 6.5.2.Final
2024-10-21 12:53:23 - HHH000026: Second-level cache disabled
2024-10-21 12:53:23 - No LoadTimeWeaver setup: ignoring JPA class transformer
2024-10-21 12:53:24 - HHH000489: No JTA platform available (set 'hibernate.transaction.jta.platform' to enable JTA platform integration)
2024-10-21 12:53:24 - Initialized JPA EntityManagerFactory for persistence unit 'default'
2024-10-21 12:53:24 - Hibernate is in classpath; If applicable, HQL parser will be used.
2024-10-21 12:53:24 - spring.jpa.open-in-view is enabled by default. Therefore, database queries may be performed during view rendering. Explicitly configure spring.jpa.open-in-view to disable this warning
2024-10-21 12:53:25 - Starting ProtocolHandler ["http-nio-8080"]
2024-10-21 12:53:25 - Tomcat started on port 8080 (http) with context path '/'
2024-10-21 12:53:25 - Started FitnessAppApplication in 3.88 seconds (process running for 4.824)
2024-10-21 12:53:25 - Initializing Spring DispatcherServlet 'dispatcherServlet'
2024-10-21 12:53:25 - Initializing Servlet 'dispatcherServlet'
2024-10-21 12:53:25 - Completed initialization in 0 ms
2024-10-21 12:53:33 - User login attempt: email=mv@gmail.com, password=admin123
2024-10-21 12:54:24 - User login attempt: email=klient1@gmail.com, password=user123
2024-10-21 12:55:46 - Closing JPA EntityManagerFactory for persistence unit 'default'
2024-10-21 12:55:46 - HikariPool-1 - Shutdown initiated...
2024-10-21 12:55:46 - HikariPool-1 - Shutdown completed.
2024-10-21 12:59:18 - Starting FitnessAppApplication using Java 22.0.2 with PID 12940 (C:\Users\milic\IdeaProjects\Fitness-App\target\classes started by milic in C:\Users\milic\IdeaProjects\Fitness-App)
2024-10-21 12:59:18 - No active profile set, falling back to 1 default profile: "default"
2024-10-21 12:59:19 - Bootstrapping Spring Data JPA repositories in DEFAULT mode.
2024-10-21 12:59:19 - Finished Spring Data repository scanning in 33 ms. Found 4 JPA repository interfaces.
2024-10-21 12:59:19 - Tomcat initialized with port 8080 (http)
2024-10-21 12:59:19 - Initializing ProtocolHandler ["http-nio-8080"]
2024-10-21 12:59:19 - Starting service [Tomcat]
2024-10-21 12:59:19 - Starting Servlet engine: [Apache Tomcat/10.1.28]
2024-10-21 12:59:19 - Initializing Spring embedded WebApplicationContext
2024-10-21 12:59:19 - Root WebApplicationContext: initialization completed in 969 ms
2024-10-21 12:59:19 - HikariPool-1 - Starting...
2024-10-21 12:59:19 - HikariPool-1 - Added connection conn0: url=jdbc:h2:mem:testdb user=SA
2024-10-21 12:59:19 - HikariPool-1 - Start completed.
2024-10-21 12:59:19 - H2 console available at '/h2-console'. Database available at 'jdbc:h2:mem:testdb'
2024-10-21 12:59:20 - HHH000204: Processing PersistenceUnitInfo [name: default]
2024-10-21 12:59:20 - HHH000412: Hibernate ORM core version 6.5.2.Final
2024-10-21 12:59:20 - HHH000026: Second-level cache disabled
2024-10-21 12:59:20 - No LoadTimeWeaver setup: ignoring JPA class transformer
2024-10-21 12:59:21 - HHH000489: No JTA platform available (set 'hibernate.transaction.jta.platform' to enable JTA platform integration)
2024-10-21 12:59:21 - Initialized JPA EntityManagerFactory for persistence unit 'default'
2024-10-21 12:59:21 - Hibernate is in classpath; If applicable, HQL parser will be used.
2024-10-21 12:59:21 - spring.jpa.open-in-view is enabled by default. Therefore, database queries may be performed during view rendering. Explicitly configure spring.jpa.open-in-view to disable this warning
2024-10-21 12:59:21 - Starting ProtocolHandler ["http-nio-8080"]
2024-10-21 12:59:21 - Tomcat started on port 8080 (http) with context path '/'
2024-10-21 12:59:21 - Started FitnessAppApplication in 3.605 seconds (process running for 4.466)
2024-10-21 12:59:21 - Initializing Spring DispatcherServlet 'dispatcherServlet'
2024-10-21 12:59:21 - Initializing Servlet 'dispatcherServlet'
2024-10-21 12:59:21 - Completed initialization in 1 ms
2024-10-21 12:59:39 - Closing JPA EntityManagerFactory for persistence unit 'default'
2024-10-21 12:59:39 - HikariPool-1 - Shutdown initiated...
2024-10-21 12:59:39 - HikariPool-1 - Shutdown completed.
