2024-10-15 14:42:34 - Starting FitnessAppApplication using Java 22.0.2 with PID 1752 (C:\Users\milic\IdeaProjects\Fitness-App\target\classes started by milic in C:\Users\milic\IdeaProjects\Fitness-App)
2024-10-15 14:42:34 - No active profile set, falling back to 1 default profile: "default"
2024-10-15 14:42:35 - Bootstrapping Spring Data JPA repositories in DEFAULT mode.
2024-10-15 14:42:35 - Finished Spring Data repository scanning in 45 ms. Found 4 JPA repository interfaces.
2024-10-15 14:42:35 - Tomcat initialized with port 8080 (http)
2024-10-15 14:42:35 - Initializing ProtocolHandler ["http-nio-8080"]
2024-10-15 14:42:35 - Starting service [Tomcat]
2024-10-15 14:42:35 - Starting Servlet engine: [Apache Tomcat/10.1.28]
2024-10-15 14:42:35 - Initializing Spring embedded WebApplicationContext
2024-10-15 14:42:35 - Root WebApplicationContext: initialization completed in 1208 ms
2024-10-15 14:42:35 - HikariPool-1 - Starting...
2024-10-15 14:42:36 - HikariPool-1 - Added connection conn0: url=jdbc:h2:mem:testdb user=SA
2024-10-15 14:42:36 - HikariPool-1 - Start completed.
2024-10-15 14:42:36 - H2 console available at '/h2-console'. Database available at 'jdbc:h2:mem:testdb'
2024-10-15 14:42:36 - HHH000204: Processing PersistenceUnitInfo [name: default]
2024-10-15 14:42:36 - HHH000412: Hibernate ORM core version 6.5.2.Final
2024-10-15 14:42:36 - HHH000026: Second-level cache disabled
2024-10-15 14:42:36 - No LoadTimeWeaver setup: ignoring JPA class transformer
2024-10-15 14:42:37 - HHH000489: No JTA platform available (set 'hibernate.transaction.jta.platform' to enable JTA platform integration)
2024-10-15 14:42:37 - Initialized JPA EntityManagerFactory for persistence unit 'default'
2024-10-15 14:42:37 - Hibernate is in classpath; If applicable, HQL parser will be used.
2024-10-15 14:42:37 - spring.jpa.open-in-view is enabled by default. Therefore, database queries may be performed during view rendering. Explicitly configure spring.jpa.open-in-view to disable this warning
2024-10-15 14:42:38 - Starting ProtocolHandler ["http-nio-8080"]
2024-10-15 14:42:38 - Tomcat started on port 8080 (http) with context path '/'
2024-10-15 14:42:38 - Started FitnessAppApplication in 4.023 seconds (process running for 8.928)
2024-10-15 14:42:42 - Initializing Spring DispatcherServlet 'dispatcherServlet'
2024-10-15 14:42:42 - Initializing Servlet 'dispatcherServlet'
2024-10-15 14:42:42 - Completed initialization in 0 ms
2024-10-15 14:42:55 - User login attempt: email=mv@gmail.com, password=admin123
2024-10-15 15:47:55 - HikariPool-1 - Thread starvation or clock leap detected (housekeeper delta=1m48s422ms78µs500ns).
2024-10-15 15:50:19 - Closing JPA EntityManagerFactory for persistence unit 'default'
2024-10-15 15:50:19 - HikariPool-1 - Shutdown initiated...
2024-10-15 15:50:19 - HikariPool-1 - Shutdown completed.
